<?xml version="1.0" encoding="UTF-8"?>
<!-- Generated by org.testng.reporters.JUnitXMLReporter -->
<testsuite ignored="0" hostname="vicky" failures="0" tests="5" name="Fitness Tracking Application Test" time="2.513" errors="0" timestamp="2023-04-28T23:00:39 IST">
  <testcase classname="com.qa.base.BaseClass" name="@AfterTest tearDown" time="-1.682703039353E9">
    <failure type="org.testng.TestNGException" message="
Can inject only one of &amp;lt;ITestContext, XmlTest&amp;gt; into a @AfterTest annotated tearDown.
For more information on native dependency injection please refer to https://testng.org/doc/documentation-main.html#native-dependency-injection">
      <![CDATA[org.testng.TestNGException: 
Can inject only one of <ITestContext, XmlTest> into a @AfterTest annotated tearDown.
For more information on native dependency injection please refer to https://testng.org/doc/documentation-main.html#native-dependency-injection
... Removed 21 stack frames]]>
    </failure>
  </testcase> <!-- @AfterTest tearDown -->
  <testcase classname="com.qa.testcases.TestCases" name="logWorkoutTest" time="0.005"/>
  <testcase classname="com.qa.testcases.TestCases" name="trackProgressTest" time="0.002"/>
  <testcase classname="com.qa.testcases.TestCases" name="connectWithFriendsTest" time="0.001"/>
  <testcase classname="com.qa.testcases.TestCases" name="accessExerciseLibraryTest" time="0.002"/>
  <testcase classname="com.qa.testcases.TestCases" name="integrateWithOtherAppsTest" time="0.002"/>
</testsuite> <!-- Fitness Tracking Application Test -->
